diff --git a/antopometric_evaluation/migrations/0001_initial.py b/antopometric_evaluation/migrations/0001_initial.py
deleted file mode 100644
index 6314fea..0000000
--- a/antopometric_evaluation/migrations/0001_initial.py
+++ /dev/null
@@ -1,32 +0,0 @@
-# Generated by Django 3.2.7 on 2021-10-06 19:30
-
-from django.db import migrations, models
-
-
-class Migration(migrations.Migration):
-
-    initial = True
-
-    dependencies = [
-    ]
-
-    operations = [
-        migrations.CreateModel(
-            name='AntopometricEvaluation',
-            fields=[
-                ('id', models.BigAutoField(auto_created=True, primary_key=True, serialize=False, verbose_name='ID')),
-                ('weight', models.DecimalField(db_column='weight', decimal_places=2, max_digits=6)),
-                ('height', models.CharField(db_column='height', max_length=4)),
-                ('BMI', models.DecimalField(db_column='ibm', decimal_places=2, max_digits=4)),
-                ('arm_circumference', models.DecimalField(db_column='arm_circumference', decimal_places=2, max_digits=4)),
-                ('abdomen_circumference', models.DecimalField(db_column='abdomen_circumference', decimal_places=2, max_digits=4)),
-                ('wrist_circumference', models.DecimalField(db_column='wrist_circumference', decimal_places=2, max_digits=4)),
-                ('date_of_consultation', models.DateField()),
-                ('updated', models.DateField()),
-                ('additional_information', models.TextField(db_column='additional_information')),
-            ],
-            options={
-                'db_table': 'antopometric_evaluation',
-            },
-        ),
-    ]
diff --git a/antopometric_evaluation/migrations/0002_antopometricevaluation_patient.py b/antopometric_evaluation/migrations/0002_antopometricevaluation_patient.py
deleted file mode 100644
index 2721744..0000000
--- a/antopometric_evaluation/migrations/0002_antopometricevaluation_patient.py
+++ /dev/null
@@ -1,22 +0,0 @@
-# Generated by Django 3.2.7 on 2021-10-06 19:30
-
-from django.db import migrations, models
-import django.db.models.deletion
-
-
-class Migration(migrations.Migration):
-
-    initial = True
-
-    dependencies = [
-        ('patient', '0001_initial'),
-        ('antopometric_evaluation', '0001_initial'),
-    ]
-
-    operations = [
-        migrations.AddField(
-            model_name='antopometricevaluation',
-            name='patient',
-            field=models.ForeignKey(on_delete=django.db.models.deletion.CASCADE, to='patient.patient'),
-        ),
-    ]
diff --git a/antopometric_evaluation/migrations/0003_antopometricevaluation_registeres_by.py b/antopometric_evaluation/migrations/0003_antopometricevaluation_registeres_by.py
deleted file mode 100644
index 22926ec..0000000
--- a/antopometric_evaluation/migrations/0003_antopometricevaluation_registeres_by.py
+++ /dev/null
@@ -1,23 +0,0 @@
-# Generated by Django 3.2.7 on 2021-10-06 19:30
-
-from django.conf import settings
-from django.db import migrations, models
-import django.db.models.deletion
-
-
-class Migration(migrations.Migration):
-
-    initial = True
-
-    dependencies = [
-        ('antopometric_evaluation', '0002_antopometricevaluation_patient'),
-        migrations.swappable_dependency(settings.AUTH_USER_MODEL),
-    ]
-
-    operations = [
-        migrations.AddField(
-            model_name='antopometricevaluation',
-            name='registeres_by',
-            field=models.OneToOneField(on_delete=django.db.models.deletion.CASCADE, to=settings.AUTH_USER_MODEL),
-        ),
-    ]
diff --git a/clinic_evaluation/migrations/0001_initial.py b/clinic_evaluation/migrations/0001_initial.py
deleted file mode 100644
index fa60e21..0000000
--- a/clinic_evaluation/migrations/0001_initial.py
+++ /dev/null
@@ -1,60 +0,0 @@
-# Generated by Django 3.2.7 on 2021-10-06 19:30
-
-from django.db import migrations, models
-
-
-class Migration(migrations.Migration):
-
-    initial = True
-
-    dependencies = [
-    ]
-
-    operations = [
-        migrations.CreateModel(
-            name='ClinicEvaluation',
-            fields=[
-                ('id', models.BigAutoField(auto_created=True, primary_key=True, serialize=False, verbose_name='ID')),
-                ('nails', models.CharField(db_column='nails', max_length=100)),
-                ('skin', models.CharField(db_column='skin', max_length=100)),
-                ('bladder_habits', models.CharField(db_column='bladder_habits', max_length=100)),
-                ('bowel_habits', models.CharField(db_column='bowel_habits', max_length=100)),
-                ('additional_information', models.TextField(db_column='additional_information')),
-                ('date_of_consultation', models.DateField()),
-                ('updated', models.DateField()),
-            ],
-            options={
-                'db_table': 'clinic_evaluation',
-            },
-        ),
-        migrations.CreateModel(
-            name='GastrointestinalTractSymptoms',
-            fields=[
-                ('id', models.BigAutoField(auto_created=True, primary_key=True, serialize=False, verbose_name='ID')),
-                ('dysphagia', models.BooleanField(db_column='dysphagia')),
-                ('pain', models.BooleanField(db_column='pain')),
-                ('reflux', models.BooleanField(db_column='reflux')),
-                ('heart_burn', models.BooleanField(db_column='heart_burn')),
-                ('constipation', models.BooleanField(db_column='constipation')),
-                ('nausea', models.BooleanField(db_column='nausea')),
-                ('diarrhea', models.BooleanField(db_column='diarrhea')),
-                ('others', models.TextField(db_column='description')),
-            ],
-            options={
-                'db_table': 'gastrointestinalt_tract_symptoms',
-            },
-        ),
-        migrations.CreateModel(
-            name='LabExam',
-            fields=[
-                ('id', models.BigAutoField(auto_created=True, primary_key=True, serialize=False, verbose_name='ID')),
-                ('name_exam', models.CharField(db_column='description', max_length=100)),
-                ('date_of_exam', models.DateField()),
-                ('upload', models.FileField(db_column='upload', upload_to='')),
-                ('exam_information', models.TextField(db_column='name_exam ')),
-            ],
-            options={
-                'db_table': 'lab_exam',
-            },
-        ),
-    ]
diff --git a/clinic_evaluation/migrations/0002_labexam_patient.py b/clinic_evaluation/migrations/0002_labexam_patient.py
deleted file mode 100644
index 7a9fb18..0000000
--- a/clinic_evaluation/migrations/0002_labexam_patient.py
+++ /dev/null
@@ -1,22 +0,0 @@
-# Generated by Django 3.2.7 on 2021-10-06 19:30
-
-from django.db import migrations, models
-import django.db.models.deletion
-
-
-class Migration(migrations.Migration):
-
-    initial = True
-
-    dependencies = [
-        ('patient', '0001_initial'),
-        ('clinic_evaluation', '0001_initial'),
-    ]
-
-    operations = [
-        migrations.AddField(
-            model_name='labexam',
-            name='patient',
-            field=models.ForeignKey(on_delete=django.db.models.deletion.CASCADE, to='patient.patient'),
-        ),
-    ]
diff --git a/clinic_evaluation/migrations/0003_initial.py b/clinic_evaluation/migrations/0003_initial.py
deleted file mode 100644
index 299ea71..0000000
--- a/clinic_evaluation/migrations/0003_initial.py
+++ /dev/null
@@ -1,44 +0,0 @@
-# Generated by Django 3.2.7 on 2021-10-06 19:30
-
-from django.conf import settings
-from django.db import migrations, models
-import django.db.models.deletion
-
-
-class Migration(migrations.Migration):
-
-    initial = True
-
-    dependencies = [
-        ('clinic_evaluation', '0002_labexam_patient'),
-        ('patient', '0001_initial'),
-        migrations.swappable_dependency(settings.AUTH_USER_MODEL),
-    ]
-
-    operations = [
-        migrations.AddField(
-            model_name='labexam',
-            name='register_by',
-            field=models.OneToOneField(on_delete=django.db.models.deletion.CASCADE, to=settings.AUTH_USER_MODEL),
-        ),
-        migrations.AddField(
-            model_name='gastrointestinaltractsymptoms',
-            name='patient',
-            field=models.ForeignKey(on_delete=django.db.models.deletion.CASCADE, to='patient.patient'),
-        ),
-        migrations.AddField(
-            model_name='gastrointestinaltractsymptoms',
-            name='registered_by',
-            field=models.OneToOneField(on_delete=django.db.models.deletion.CASCADE, to=settings.AUTH_USER_MODEL),
-        ),
-        migrations.AddField(
-            model_name='clinicevaluation',
-            name='patient',
-            field=models.ForeignKey(on_delete=django.db.models.deletion.CASCADE, to='patient.patient'),
-        ),
-        migrations.AddField(
-            model_name='clinicevaluation',
-            name='registered_by',
-            field=models.OneToOneField(on_delete=django.db.models.deletion.CASCADE, to=settings.AUTH_USER_MODEL),
-        ),
-    ]
diff --git a/db.sqlite3 b/db.sqlite3
deleted file mode 100644
index 1555b78..0000000
Binary files a/db.sqlite3 and /dev/null differ
diff --git a/diet_plan/__pycache__/models.cpython-39.pyc b/diet_plan/__pycache__/models.cpython-39.pyc
index 7508cee..47adb26 100644
Binary files a/diet_plan/__pycache__/models.cpython-39.pyc and b/diet_plan/__pycache__/models.cpython-39.pyc differ
diff --git a/diet_plan/migrations/0001_initial.py b/diet_plan/migrations/0001_initial.py
deleted file mode 100644
index aca4c0a..0000000
--- a/diet_plan/migrations/0001_initial.py
+++ /dev/null
@@ -1,27 +0,0 @@
-# Generated by Django 3.2.7 on 2021-10-06 19:30
-
-from django.db import migrations, models
-
-
-class Migration(migrations.Migration):
-
-    initial = True
-
-    dependencies = [
-    ]
-
-    operations = [
-        migrations.CreateModel(
-            name='DietPlan',
-            fields=[
-                ('id', models.BigAutoField(auto_created=True, primary_key=True, serialize=False, verbose_name='ID')),
-                ('description', models.TextField(db_column='description')),
-                ('date_of_creation', models.DateField()),
-                ('amount_of_calories', models.DecimalField(db_column='amount_of_calories', decimal_places=1, max_digits=8)),
-                ('weigh', models.DecimalField(db_column='weight', decimal_places=1, max_digits=8)),
-            ],
-            options={
-                'db_table': 'diet_plan',
-            },
-        ),
-    ]
diff --git a/diet_plan/migrations/0002_dietplan_patient.py b/diet_plan/migrations/0002_dietplan_patient.py
deleted file mode 100644
index a8cd2bc..0000000
--- a/diet_plan/migrations/0002_dietplan_patient.py
+++ /dev/null
@@ -1,22 +0,0 @@
-# Generated by Django 3.2.7 on 2021-10-06 19:30
-
-from django.db import migrations, models
-import django.db.models.deletion
-
-
-class Migration(migrations.Migration):
-
-    initial = True
-
-    dependencies = [
-        ('patient', '0001_initial'),
-        ('diet_plan', '0001_initial'),
-    ]
-
-    operations = [
-        migrations.AddField(
-            model_name='dietplan',
-            name='patient',
-            field=models.ForeignKey(on_delete=django.db.models.deletion.CASCADE, to='patient.patient'),
-        ),
-    ]
diff --git a/diet_plan/migrations/0003_dietplan_registered_by.py b/diet_plan/migrations/0003_dietplan_registered_by.py
deleted file mode 100644
index 79d61f7..0000000
--- a/diet_plan/migrations/0003_dietplan_registered_by.py
+++ /dev/null
@@ -1,23 +0,0 @@
-# Generated by Django 3.2.7 on 2021-10-06 19:30
-
-from django.conf import settings
-from django.db import migrations, models
-import django.db.models.deletion
-
-
-class Migration(migrations.Migration):
-
-    initial = True
-
-    dependencies = [
-        ('diet_plan', '0002_dietplan_patient'),
-        migrations.swappable_dependency(settings.AUTH_USER_MODEL),
-    ]
-
-    operations = [
-        migrations.AddField(
-            model_name='dietplan',
-            name='registered_by',
-            field=models.OneToOneField(on_delete=django.db.models.deletion.CASCADE, to=settings.AUTH_USER_MODEL),
-        ),
-    ]
diff --git a/diet_plan/models.py b/diet_plan/models.py
index f0a31f6..0a9a8b1 100644
--- a/diet_plan/models.py
+++ b/diet_plan/models.py
@@ -1,6 +1,7 @@
 from django.db import models
 from patient.models import Patient
 from user.models import User
+from food_group.models import Food
 
 # Create your models here.
 class DietPlan(models.Model):
@@ -8,8 +9,15 @@ class DietPlan(models.Model):
   patient = models.ForeignKey(Patient, on_delete=models.CASCADE)
   description= models.TextField(db_column='description')
   date_of_creation=models.DateField()
-  amount_of_calories=models.DecimalField(max_digits=8, decimal_places=1, db_column='amount_of_calories')
-  weigh=models.DecimalField(max_digits=8, decimal_places=1, db_column='weight')
+  diet_food=models.ManyToManyField(Food,  through=u"DietFood", related_name=u'diet_foods')
+
   class Meta:
     db_table ='diet_plan' 
-  
\ No newline at end of file
+  
+class DietFood (models.Model):
+  food = models.ForeignKey(Food, on_delete=models.CASCADE)
+  diet = models.ForeignKey(DietPlan, on_delete=models.CASCADE)
+  weight = models.DecimalField(max_digits=8, decimal_places=1, db_column='weight')
+
+  class Meta:
+    db_table ='diet_food' 
\ No newline at end of file
diff --git a/employee/migrations/0001_initial.py b/employee/migrations/0001_initial.py
deleted file mode 100644
index 7d92fd3..0000000
--- a/employee/migrations/0001_initial.py
+++ /dev/null
@@ -1,33 +0,0 @@
-# Generated by Django 3.2.7 on 2021-10-06 19:30
-
-import cpffield.cpffield
-from django.db import migrations, models
-import django.db.models.deletion
-
-
-class Migration(migrations.Migration):
-
-    initial = True
-
-    dependencies = [
-        ('location', '0001_initial'),
-    ]
-
-    operations = [
-        migrations.CreateModel(
-            name='Employee',
-            fields=[
-                ('id', models.BigAutoField(auto_created=True, primary_key=True, serialize=False, verbose_name='ID')),
-                ('hire_date', models.DateField(db_column='hire_date')),
-                ('cpf', cpffield.cpffield.CPFField(max_length=14, unique=True, verbose_name='CPF')),
-                ('birthday', models.DateField()),
-                ('email', models.CharField(db_column='email_patient', max_length=150)),
-                ('street', models.CharField(db_column='street', max_length=50)),
-                ('zip_code', models.CharField(default='', max_length=9)),
-                ('city', models.OneToOneField(on_delete=django.db.models.deletion.CASCADE, to='location.city')),
-            ],
-            options={
-                'db_table': 'employee',
-            },
-        ),
-    ]
diff --git a/employee/migrations/0002_employee_registered_by.py b/employee/migrations/0002_employee_registered_by.py
deleted file mode 100644
index 53347c3..0000000
--- a/employee/migrations/0002_employee_registered_by.py
+++ /dev/null
@@ -1,23 +0,0 @@
-# Generated by Django 3.2.7 on 2021-10-06 19:30
-
-from django.conf import settings
-from django.db import migrations, models
-import django.db.models.deletion
-
-
-class Migration(migrations.Migration):
-
-    initial = True
-
-    dependencies = [
-        ('employee', '0001_initial'),
-        migrations.swappable_dependency(settings.AUTH_USER_MODEL),
-    ]
-
-    operations = [
-        migrations.AddField(
-            model_name='employee',
-            name='registered_by',
-            field=models.OneToOneField(on_delete=django.db.models.deletion.CASCADE, to=settings.AUTH_USER_MODEL),
-        ),
-    ]
diff --git a/exercise/migrations/0001_initial.py b/exercise/migrations/0001_initial.py
deleted file mode 100644
index 81d3e6c..0000000
--- a/exercise/migrations/0001_initial.py
+++ /dev/null
@@ -1,30 +0,0 @@
-# Generated by Django 3.2.7 on 2021-10-06 19:30
-
-from django.db import migrations, models
-import django.db.models.deletion
-
-
-class Migration(migrations.Migration):
-
-    initial = True
-
-    dependencies = [
-    ]
-
-    operations = [
-        migrations.CreateModel(
-            name='ExerciseType',
-            fields=[
-                ('id', models.BigAutoField(auto_created=True, primary_key=True, serialize=False, verbose_name='ID')),
-                ('name', models.CharField(db_column='type', max_length=255)),
-            ],
-        ),
-        migrations.CreateModel(
-            name='Exercise',
-            fields=[
-                ('id', models.BigAutoField(auto_created=True, primary_key=True, serialize=False, verbose_name='ID')),
-                ('frequency', models.CharField(db_column='frequency', max_length=255)),
-                ('exercise_type', models.ForeignKey(on_delete=django.db.models.deletion.CASCADE, to='exercise.exercisetype')),
-            ],
-        ),
-    ]
diff --git a/exercise/migrations/0002_exercise_patient.py b/exercise/migrations/0002_exercise_patient.py
deleted file mode 100644
index 7fac51f..0000000
--- a/exercise/migrations/0002_exercise_patient.py
+++ /dev/null
@@ -1,22 +0,0 @@
-# Generated by Django 3.2.7 on 2021-10-06 19:30
-
-from django.db import migrations, models
-import django.db.models.deletion
-
-
-class Migration(migrations.Migration):
-
-    initial = True
-
-    dependencies = [
-        ('exercise', '0001_initial'),
-        ('patient', '0001_initial'),
-    ]
-
-    operations = [
-        migrations.AddField(
-            model_name='exercise',
-            name='patient',
-            field=models.ForeignKey(on_delete=django.db.models.deletion.CASCADE, to='patient.patient'),
-        ),
-    ]
diff --git a/food_consumption/migrations/0001_initial.py b/food_consumption/migrations/0001_initial.py
deleted file mode 100644
index ea57019..0000000
--- a/food_consumption/migrations/0001_initial.py
+++ /dev/null
@@ -1,52 +0,0 @@
-# Generated by Django 3.2.7 on 2021-10-06 19:30
-
-from django.db import migrations, models
-
-
-class Migration(migrations.Migration):
-
-    initial = True
-
-    dependencies = [
-    ]
-
-    operations = [
-        migrations.CreateModel(
-            name='FoodConsumption',
-            fields=[
-                ('id', models.BigAutoField(auto_created=True, primary_key=True, serialize=False, verbose_name='ID')),
-                ('soft_drink', models.BooleanField(db_column='soft_drink')),
-                ('candy', models.BooleanField(db_column='candy')),
-                ('deep_fried', models.BooleanField(db_column='deep_fried')),
-                ('fast_food', models.BooleanField(db_column='fast_food')),
-                ('processed_food', models.BooleanField(db_column='processed_food')),
-                ('canned_food', models.BooleanField(db_column='canned')),
-                ('fruits', models.BooleanField(db_column='fruits')),
-                ('vegetables', models.BooleanField(db_column='vegetables')),
-                ('others', models.TextField(db_column='description')),
-            ],
-            options={
-                'db_table': 'food_consumption',
-            },
-        ),
-        migrations.CreateModel(
-            name='FoodIntolerance',
-            fields=[
-                ('id', models.BigAutoField(auto_created=True, primary_key=True, serialize=False, verbose_name='ID')),
-                ('intolerance_description', models.TextField(db_column='intolerance_description')),
-            ],
-            options={
-                'db_table': 'food_intolerance',
-            },
-        ),
-        migrations.CreateModel(
-            name='FoodPreferences',
-            fields=[
-                ('id', models.BigAutoField(auto_created=True, primary_key=True, serialize=False, verbose_name='ID')),
-                ('description', models.TextField(db_column='description')),
-            ],
-            options={
-                'db_table': 'food_preferences',
-            },
-        ),
-    ]
diff --git a/food_consumption/migrations/0002_initial.py b/food_consumption/migrations/0002_initial.py
deleted file mode 100644
index 96ffb85..0000000
--- a/food_consumption/migrations/0002_initial.py
+++ /dev/null
@@ -1,32 +0,0 @@
-# Generated by Django 3.2.7 on 2021-10-06 19:30
-
-from django.db import migrations, models
-import django.db.models.deletion
-
-
-class Migration(migrations.Migration):
-
-    initial = True
-
-    dependencies = [
-        ('patient', '0001_initial'),
-        ('food_consumption', '0001_initial'),
-    ]
-
-    operations = [
-        migrations.AddField(
-            model_name='foodpreferences',
-            name='patient',
-            field=models.ForeignKey(on_delete=django.db.models.deletion.CASCADE, to='patient.patient'),
-        ),
-        migrations.AddField(
-            model_name='foodintolerance',
-            name='patient',
-            field=models.ForeignKey(on_delete=django.db.models.deletion.CASCADE, to='patient.patient'),
-        ),
-        migrations.AddField(
-            model_name='foodconsumption',
-            name='patient',
-            field=models.ForeignKey(on_delete=django.db.models.deletion.CASCADE, to='patient.patient'),
-        ),
-    ]
diff --git a/food_consumption/migrations/0003_foodconsumption_registered_by.py b/food_consumption/migrations/0003_foodconsumption_registered_by.py
deleted file mode 100644
index 75af9a3..0000000
--- a/food_consumption/migrations/0003_foodconsumption_registered_by.py
+++ /dev/null
@@ -1,23 +0,0 @@
-# Generated by Django 3.2.7 on 2021-10-06 19:30
-
-from django.conf import settings
-from django.db import migrations, models
-import django.db.models.deletion
-
-
-class Migration(migrations.Migration):
-
-    initial = True
-
-    dependencies = [
-        ('food_consumption', '0002_initial'),
-        migrations.swappable_dependency(settings.AUTH_USER_MODEL),
-    ]
-
-    operations = [
-        migrations.AddField(
-            model_name='foodconsumption',
-            name='registered_by',
-            field=models.OneToOneField(on_delete=django.db.models.deletion.CASCADE, to=settings.AUTH_USER_MODEL),
-        ),
-    ]
diff --git a/food_diary/migrations/0001_initial.py b/food_diary/migrations/0001_initial.py
deleted file mode 100644
index b2cb7c5..0000000
--- a/food_diary/migrations/0001_initial.py
+++ /dev/null
@@ -1,26 +0,0 @@
-# Generated by Django 3.2.7 on 2021-10-06 19:30
-
-from django.db import migrations, models
-
-
-class Migration(migrations.Migration):
-
-    initial = True
-
-    dependencies = [
-    ]
-
-    operations = [
-        migrations.CreateModel(
-            name='FoodDiary',
-            fields=[
-                ('id', models.BigAutoField(auto_created=True, primary_key=True, serialize=False, verbose_name='ID')),
-                ('description', models.TextField(db_column='description')),
-                ('date_of_consultation', models.DateField()),
-                ('weight', models.DecimalField(db_column='weight', decimal_places=1, max_digits=4)),
-            ],
-            options={
-                'db_table': 'food_diary',
-            },
-        ),
-    ]
diff --git a/food_diary/migrations/0002_fooddiary_patient.py b/food_diary/migrations/0002_fooddiary_patient.py
deleted file mode 100644
index 77154d9..0000000
--- a/food_diary/migrations/0002_fooddiary_patient.py
+++ /dev/null
@@ -1,22 +0,0 @@
-# Generated by Django 3.2.7 on 2021-10-06 19:30
-
-from django.db import migrations, models
-import django.db.models.deletion
-
-
-class Migration(migrations.Migration):
-
-    initial = True
-
-    dependencies = [
-        ('patient', '0001_initial'),
-        ('food_diary', '0001_initial'),
-    ]
-
-    operations = [
-        migrations.AddField(
-            model_name='fooddiary',
-            name='patient',
-            field=models.ForeignKey(on_delete=django.db.models.deletion.CASCADE, to='patient.patient'),
-        ),
-    ]
diff --git a/food_diary/migrations/0003_fooddiary_registered_by.py b/food_diary/migrations/0003_fooddiary_registered_by.py
deleted file mode 100644
index a60bee5..0000000
--- a/food_diary/migrations/0003_fooddiary_registered_by.py
+++ /dev/null
@@ -1,23 +0,0 @@
-# Generated by Django 3.2.7 on 2021-10-06 19:30
-
-from django.conf import settings
-from django.db import migrations, models
-import django.db.models.deletion
-
-
-class Migration(migrations.Migration):
-
-    initial = True
-
-    dependencies = [
-        ('food_diary', '0002_fooddiary_patient'),
-        migrations.swappable_dependency(settings.AUTH_USER_MODEL),
-    ]
-
-    operations = [
-        migrations.AddField(
-            model_name='fooddiary',
-            name='registered_by',
-            field=models.OneToOneField(on_delete=django.db.models.deletion.CASCADE, to=settings.AUTH_USER_MODEL),
-        ),
-    ]
diff --git a/food_group/__pycache__/models.cpython-39.pyc b/food_group/__pycache__/models.cpython-39.pyc
index 0ec7534..18fd3e7 100644
Binary files a/food_group/__pycache__/models.cpython-39.pyc and b/food_group/__pycache__/models.cpython-39.pyc differ
diff --git a/food_group/migrations/0001_initial.py b/food_group/migrations/0001_initial.py
deleted file mode 100644
index fdfb052..0000000
--- a/food_group/migrations/0001_initial.py
+++ /dev/null
@@ -1,41 +0,0 @@
-# Generated by Django 3.2.7 on 2021-10-06 19:30
-
-from django.db import migrations, models
-import django.db.models.deletion
-
-
-class Migration(migrations.Migration):
-
-    initial = True
-
-    dependencies = [
-        ('diet_plan', '0001_initial'),
-    ]
-
-    operations = [
-        migrations.CreateModel(
-            name='FoodGroup',
-            fields=[
-                ('id', models.BigAutoField(auto_created=True, primary_key=True, serialize=False, verbose_name='ID')),
-                ('group', models.CharField(db_column='group', max_length=150)),
-                ('weight', models.DecimalField(db_column='weight', decimal_places=1, max_digits=8)),
-                ('calories', models.PositiveIntegerField(db_column='calories', default=0)),
-            ],
-            options={
-                'db_table': 'food_group',
-            },
-        ),
-        migrations.CreateModel(
-            name='Food',
-            fields=[
-                ('id', models.BigAutoField(auto_created=True, primary_key=True, serialize=False, verbose_name='ID')),
-                ('food_name', models.CharField(db_column='food_name', max_length=50)),
-                ('weigh', models.DecimalField(db_column='weight', decimal_places=1, max_digits=8)),
-                ('diet_plan', models.OneToOneField(on_delete=django.db.models.deletion.CASCADE, to='diet_plan.dietplan')),
-                ('food_group', models.ForeignKey(on_delete=django.db.models.deletion.CASCADE, to='food_group.foodgroup')),
-            ],
-            options={
-                'db_table': 'food',
-            },
-        ),
-    ]
diff --git a/food_group/models.py b/food_group/models.py
index 464084f..bdaf60c 100644
--- a/food_group/models.py
+++ b/food_group/models.py
@@ -1,10 +1,8 @@
 from django.db import models
-from diet_plan.models import DietPlan
 
 # Create your models here.
 class FoodGroup(models.Model): 
   group = models.CharField(max_length=150,db_column='group')
-  weight = models.DecimalField(max_digits=8, decimal_places=1, db_column='weight')
   calories = models.PositiveIntegerField(default=0, db_column='calories')
 
   class Meta:
@@ -12,9 +10,10 @@ class FoodGroup(models.Model):
 
 class Food(models.Model):
   food_group = models.ForeignKey(FoodGroup, on_delete=models.CASCADE)
-  diet_plan = models.OneToOneField(DietPlan, on_delete=models.CASCADE)
+  diet_plan = models.ForeignKey('diet_plan.DietPlan', on_delete=models.CASCADE)
   food_name=models.CharField(max_length=50, db_column='food_name')
-  weigh=models.DecimalField(max_digits=8, decimal_places=1, db_column='weight')
+  weight=models.DecimalField(max_digits=8, decimal_places=1, db_column='weight')
   
   class Meta:
-    db_table ='food' 
\ No newline at end of file
+    db_table ='food' 
+
diff --git a/health_history/migrations/0001_initial.py b/health_history/migrations/0001_initial.py
deleted file mode 100644
index ed1b2b6..0000000
--- a/health_history/migrations/0001_initial.py
+++ /dev/null
@@ -1,46 +0,0 @@
-# Generated by Django 3.2.7 on 2021-10-06 19:30
-
-from django.db import migrations, models
-
-
-class Migration(migrations.Migration):
-
-    initial = True
-
-    dependencies = [
-    ]
-
-    operations = [
-        migrations.CreateModel(
-            name='FamilyHealthHistory',
-            fields=[
-                ('id', models.BigAutoField(auto_created=True, primary_key=True, serialize=False, verbose_name='ID')),
-                ('obesity', models.BooleanField(db_column='obesity')),
-                ('cardiovascular_disease', models.BooleanField(db_column='cardiovascular_disease')),
-                ('hypertension', models.BooleanField(db_column='hypertension')),
-                ('cancer', models.BooleanField(db_column='cancer')),
-                ('diabetes', models.BooleanField(db_column='diabetes')),
-                ('dyslipidemia', models.BooleanField(db_column='dyslipidemia')),
-                ('others', models.TextField(db_column='others')),
-            ],
-            options={
-                'db_table': 'family_health_history',
-            },
-        ),
-        migrations.CreateModel(
-            name='PatientHealthHistory',
-            fields=[
-                ('id', models.BigAutoField(auto_created=True, primary_key=True, serialize=False, verbose_name='ID')),
-                ('obesity', models.BooleanField(db_column='obesity')),
-                ('cardiovascular_disease', models.BooleanField(db_column='cardiovascular_disease')),
-                ('hypertension', models.BooleanField(db_column='hypertension')),
-                ('cancer', models.BooleanField(db_column='cancer')),
-                ('diabetes', models.BooleanField(db_column='diabetes')),
-                ('dyslipidemia', models.BooleanField(db_column='dyslipidemia')),
-                ('others', models.TextField(db_column='others')),
-            ],
-            options={
-                'db_table': 'patient_health_history',
-            },
-        ),
-    ]
diff --git a/location/__pycache__/models.cpython-39.pyc b/location/__pycache__/models.cpython-39.pyc
index fcdd1e2..547f127 100644
Binary files a/location/__pycache__/models.cpython-39.pyc and b/location/__pycache__/models.cpython-39.pyc differ
diff --git a/location/migrations/0001_initial.py b/location/migrations/0001_initial.py
deleted file mode 100644
index 716438f..0000000
--- a/location/migrations/0001_initial.py
+++ /dev/null
@@ -1,37 +0,0 @@
-# Generated by Django 3.2.7 on 2021-10-06 19:30
-
-from django.db import migrations, models
-import django.db.models.deletion
-
-
-class Migration(migrations.Migration):
-
-    initial = True
-
-    dependencies = [
-    ]
-
-    operations = [
-        migrations.CreateModel(
-            name='State',
-            fields=[
-                ('id', models.BigAutoField(auto_created=True, primary_key=True, serialize=False, verbose_name='ID')),
-                ('name', models.CharField(db_column='state', max_length=50)),
-                ('acrm', models.CharField(db_column='acrm', max_length=3)),
-            ],
-            options={
-                'db_table': 'state',
-            },
-        ),
-        migrations.CreateModel(
-            name='City',
-            fields=[
-                ('id', models.BigAutoField(auto_created=True, primary_key=True, serialize=False, verbose_name='ID')),
-                ('city', models.CharField(db_column='city', max_length=100)),
-                ('state', models.ForeignKey(on_delete=django.db.models.deletion.CASCADE, to='location.state')),
-            ],
-            options={
-                'db_table': 'city',
-            },
-        ),
-    ]
diff --git a/location/models.py b/location/models.py
index 6803988..8573fff 100644
--- a/location/models.py
+++ b/location/models.py
@@ -4,26 +4,23 @@ class State(models.Model):
   name = models.CharField(max_length=50,db_column='state')
   acrm= models.CharField(max_length=3,db_column='acrm')
 
-  class Meta:
-    db_table ='state'
-
-    def __unicode__(self):
+  def label_from_instance(self):
       return self.name
 
-    def __str__(self):
-      return self.acrm
+  def __str__(self):
+    return self.name
+
+
+  class Meta:
+    db_table ='state'
+    
 
 class City(models.Model):
   state = models.ForeignKey(State, on_delete=models.CASCADE)
   city = models.CharField(max_length=100, db_column='city')
 
+  def __str__(self):
+    return self.city
+
   class Meta:
     db_table ='city'
-
-    def __unicode__(self):
-      return self.state
-
-    def __str__(self):
-      return self.city
-
-
diff --git a/nutribase/__pycache__/settings.cpython-39.pyc b/nutribase/__pycache__/settings.cpython-39.pyc
index 21d8aa2..a770d1a 100644
Binary files a/nutribase/__pycache__/settings.cpython-39.pyc and b/nutribase/__pycache__/settings.cpython-39.pyc differ
diff --git a/nutribase/settings.py b/nutribase/settings.py
index c59fcab..c1cb598 100644
--- a/nutribase/settings.py
+++ b/nutribase/settings.py
@@ -56,7 +56,9 @@ INSTALLED_APPS = [
     'user',
     'employee.apps',
     'meal',
-
+    'table_taco',
+    
+    
 
     #3rd party
     'cpffield',
diff --git a/nutritional_conduct/migrations/0001_initial.py b/nutritional_conduct/migrations/0001_initial.py
deleted file mode 100644
index 9e1261a..0000000
--- a/nutritional_conduct/migrations/0001_initial.py
+++ /dev/null
@@ -1,32 +0,0 @@
-# Generated by Django 3.2.7 on 2021-10-06 19:30
-
-from django.db import migrations, models
-import django.db.models.deletion
-
-
-class Migration(migrations.Migration):
-
-    initial = True
-
-    dependencies = [
-        ('food_consumption', '0001_initial'),
-        ('diet_plan', '0001_initial'),
-    ]
-
-    operations = [
-        migrations.CreateModel(
-            name='NutritionalConduct',
-            fields=[
-                ('id', models.BigAutoField(auto_created=True, primary_key=True, serialize=False, verbose_name='ID')),
-                ('caloric_needs', models.DecimalField(db_column='caloric', decimal_places=2, max_digits=4)),
-                ('additional_information', models.TextField(db_column='additional_information')),
-                ('diet_plan', models.ForeignKey(on_delete=django.db.models.deletion.CASCADE, to='diet_plan.dietplan')),
-                ('food_consumption', models.ForeignKey(on_delete=django.db.models.deletion.CASCADE, to='food_consumption.foodconsumption')),
-                ('food_intolerance', models.OneToOneField(on_delete=django.db.models.deletion.CASCADE, to='food_consumption.foodintolerance')),
-                ('food_preferences', models.OneToOneField(on_delete=django.db.models.deletion.CASCADE, to='food_consumption.foodpreferences')),
-            ],
-            options={
-                'db_table': 'nutricional_information',
-            },
-        ),
-    ]
diff --git a/nutritional_conduct/migrations/0002_nutritionalconduct_patient.py b/nutritional_conduct/migrations/0002_nutritionalconduct_patient.py
deleted file mode 100644
index 6da0a68..0000000
--- a/nutritional_conduct/migrations/0002_nutritionalconduct_patient.py
+++ /dev/null
@@ -1,22 +0,0 @@
-# Generated by Django 3.2.7 on 2021-10-06 19:30
-
-from django.db import migrations, models
-import django.db.models.deletion
-
-
-class Migration(migrations.Migration):
-
-    initial = True
-
-    dependencies = [
-        ('nutritional_conduct', '0001_initial'),
-        ('patient', '0001_initial'),
-    ]
-
-    operations = [
-        migrations.AddField(
-            model_name='nutritionalconduct',
-            name='patient',
-            field=models.ForeignKey(on_delete=django.db.models.deletion.CASCADE, to='patient.patient'),
-        ),
-    ]
diff --git a/patient/migrations/0001_initial.py b/patient/migrations/0001_initial.py
deleted file mode 100644
index 5960982..0000000
--- a/patient/migrations/0001_initial.py
+++ /dev/null
@@ -1,36 +0,0 @@
-# Generated by Django 3.2.7 on 2021-10-06 19:30
-
-import cpffield.cpffield
-from django.db import migrations, models
-import django.db.models.deletion
-
-
-class Migration(migrations.Migration):
-
-    initial = True
-
-    dependencies = [
-        ('location', '0001_initial'),
-        ('health_history', '0001_initial'),
-    ]
-
-    operations = [
-        migrations.CreateModel(
-            name='Patient',
-            fields=[
-                ('id', models.BigAutoField(auto_created=True, primary_key=True, serialize=False, verbose_name='ID')),
-                ('cpf', cpffield.cpffield.CPFField(max_length=14, unique=True, verbose_name='CPF')),
-                ('birthday', models.DateField()),
-                ('email', models.CharField(db_column='email_patient', max_length=150)),
-                ('street', models.CharField(db_column='street', max_length=50)),
-                ('zip_code', models.CharField(db_column='zip_code', default='', max_length=15)),
-                ('gender', models.CharField(choices=[('M', 'Male'), ('F', 'Female')], max_length=1)),
-                ('city', models.OneToOneField(on_delete=django.db.models.deletion.CASCADE, to='location.city')),
-                ('family_health_history', models.ForeignKey(on_delete=django.db.models.deletion.CASCADE, to='health_history.familyhealthhistory')),
-                ('patient_health_history', models.ForeignKey(on_delete=django.db.models.deletion.CASCADE, to='health_history.patienthealthhistory')),
-            ],
-            options={
-                'db_table': 'patient',
-            },
-        ),
-    ]
diff --git a/patient/migrations/0002_patient_registered_by.py b/patient/migrations/0002_patient_registered_by.py
deleted file mode 100644
index dc36408..0000000
--- a/patient/migrations/0002_patient_registered_by.py
+++ /dev/null
@@ -1,23 +0,0 @@
-# Generated by Django 3.2.7 on 2021-10-06 19:30
-
-from django.conf import settings
-from django.db import migrations, models
-import django.db.models.deletion
-
-
-class Migration(migrations.Migration):
-
-    initial = True
-
-    dependencies = [
-        ('patient', '0001_initial'),
-        migrations.swappable_dependency(settings.AUTH_USER_MODEL),
-    ]
-
-    operations = [
-        migrations.AddField(
-            model_name='patient',
-            name='registered_by',
-            field=models.OneToOneField(on_delete=django.db.models.deletion.CASCADE, to=settings.AUTH_USER_MODEL),
-        ),
-    ]
diff --git a/phone/migrations/0001_initial.py b/phone/migrations/0001_initial.py
deleted file mode 100644
index 65e1ace..0000000
--- a/phone/migrations/0001_initial.py
+++ /dev/null
@@ -1,30 +0,0 @@
-# Generated by Django 3.2.7 on 2021-10-06 19:30
-
-from django.db import migrations, models
-import django.db.models.deletion
-
-
-class Migration(migrations.Migration):
-
-    initial = True
-
-    dependencies = [
-        ('patient', '0001_initial'),
-        ('employee', '0001_initial'),
-    ]
-
-    operations = [
-        migrations.CreateModel(
-            name='Phone',
-            fields=[
-                ('id', models.BigAutoField(auto_created=True, primary_key=True, serialize=False, verbose_name='ID')),
-                ('phone_number', models.CharField(db_column='phone_number', max_length=14)),
-                ('description', models.TextField(db_column='description')),
-                ('Employee', models.ForeignKey(on_delete=django.db.models.deletion.CASCADE, to='employee.employee')),
-                ('patient', models.ForeignKey(on_delete=django.db.models.deletion.CASCADE, to='patient.patient')),
-            ],
-            options={
-                'db_table': 'phone',
-            },
-        ),
-    ]
diff --git a/user/migrations/0001_initial.py b/user/migrations/0001_initial.py
deleted file mode 100644
index d962653..0000000
--- a/user/migrations/0001_initial.py
+++ /dev/null
@@ -1,45 +0,0 @@
-# Generated by Django 3.2.7 on 2021-10-06 19:30
-
-import django.contrib.auth.models
-import django.contrib.auth.validators
-from django.db import migrations, models
-import django.utils.timezone
-
-
-class Migration(migrations.Migration):
-
-    initial = True
-
-    dependencies = [
-        ('auth', '0012_alter_user_first_name_max_length'),
-    ]
-
-    operations = [
-        migrations.CreateModel(
-            name='User',
-            fields=[
-                ('id', models.BigAutoField(auto_created=True, primary_key=True, serialize=False, verbose_name='ID')),
-                ('password', models.CharField(max_length=128, verbose_name='password')),
-                ('last_login', models.DateTimeField(blank=True, null=True, verbose_name='last login')),
-                ('is_superuser', models.BooleanField(default=False, help_text='Designates that this user has all permissions without explicitly assigning them.', verbose_name='superuser status')),
-                ('username', models.CharField(error_messages={'unique': 'A user with that username already exists.'}, help_text='Required. 150 characters or fewer. Letters, digits and @/./+/-/_ only.', max_length=150, unique=True, validators=[django.contrib.auth.validators.UnicodeUsernameValidator()], verbose_name='username')),
-                ('first_name', models.CharField(blank=True, max_length=150, verbose_name='first name')),
-                ('last_name', models.CharField(blank=True, max_length=150, verbose_name='last name')),
-                ('email', models.EmailField(blank=True, max_length=254, verbose_name='email address')),
-                ('is_staff', models.BooleanField(default=False, help_text='Designates whether the user can log into this admin site.', verbose_name='staff status')),
-                ('is_active', models.BooleanField(default=True, help_text='Designates whether this user should be treated as active. Unselect this instead of deleting accounts.', verbose_name='active')),
-                ('date_joined', models.DateTimeField(default=django.utils.timezone.now, verbose_name='date joined')),
-                ('bio', models.TextField(blank=True)),
-                ('groups', models.ManyToManyField(blank=True, help_text='The groups this user belongs to. A user will get all permissions granted to each of their groups.', related_name='user_set', related_query_name='user', to='auth.Group', verbose_name='groups')),
-                ('user_permissions', models.ManyToManyField(blank=True, help_text='Specific permissions for this user.', related_name='user_set', related_query_name='user', to='auth.Permission', verbose_name='user permissions')),
-            ],
-            options={
-                'verbose_name': 'user',
-                'verbose_name_plural': 'users',
-                'abstract': False,
-            },
-            managers=[
-                ('objects', django.contrib.auth.models.UserManager()),
-            ],
-        ),
-    ]
